07:02:08.596 [main] DEBUG com.intuit.karate.Suite - [config] classpath:karate-config.js
07:02:10.997 [main] INFO  com.intuit.karate - [print] sree 
07:02:11.032 [main] ERROR com.intuit.karate - classpath:Features/Firstfile.feature:5
* print abc
js failed:
>>>>
01: karate.log('[print]',abc)
<<<<
org.graalvm.polyglot.PolyglotException: ReferenceError: "abc" is not defined
- <js>.:program(Unnamed:1)

classpath:Features/Firstfile.feature:5
07:05:17.434 [main] DEBUG com.intuit.karate.Suite - [config] classpath:karate-config.js
07:05:19.903 [main] INFO  com.intuit.karate - [print] sree 
07:05:19.960 [main] ERROR com.intuit.karate - classpath:Features/Firstfile.feature:5
* print abc
js failed:
>>>>
01: karate.log('[print]',abc)
<<<<
org.graalvm.polyglot.PolyglotException: ReferenceError: "abc" is not defined
- <js>.:program(Unnamed:1)

classpath:Features/Firstfile.feature:5
07:05:34.639 [main] DEBUG com.intuit.karate.Suite - [config] classpath:karate-config.js
07:05:37.254 [main] INFO  com.intuit.karate - [print] sree 
07:05:37.295 [main] ERROR com.intuit.karate - classpath:Features/Firstfile.feature:5
* print abc
js failed:
>>>>
01: karate.log('[print]',abc)
<<<<
org.graalvm.polyglot.PolyglotException: ReferenceError: "abc" is not defined
- <js>.:program(Unnamed:1)

classpath:Features/Firstfile.feature:5
07:06:15.118 [main] DEBUG com.intuit.karate.Suite - [config] classpath:karate-config.js
07:06:17.637 [main] INFO  com.intuit.karate - [print] sree 
07:06:17.658 [main] INFO  com.intuit.karate - [print] test 
07:06:18.504 [main] DEBUG com.intuit.karate - request:
1 > GET https://gorest.co.in/public/v2/users/1830426
1 > Host: gorest.co.in
1 > Connection: Keep-Alive
1 > User-Agent: Apache-HttpClient/4.5.14 (Java/11.0.21)
1 > Accept-Encoding: gzip,deflate


07:06:19.900 [main] DEBUG com.intuit.karate - response time in milliseconds: 1379
1 < 404
1 < Date: Thu, 07 Dec 2023 01:36:27 GMT
1 < Content-Type: application/json; charset=utf-8
1 < Content-Length: 32
1 < Connection: keep-alive
1 < Cache-Control: no-cache
1 < referrer-policy: strict-origin-when-cross-origin
1 < vary: Origin
1 < x-content-type-options: nosniff
1 < x-download-options: noopen
1 < x-frame-options: SAMEORIGIN
1 < x-permitted-cross-domain-policies: none
1 < x-request-id: abd45cff-596e-48b0-8e82-b43378835019
1 < x-runtime: 0.028035
1 < x-xss-protection: 0
1 < CF-Cache-Status: DYNAMIC
1 < Report-To: {"endpoints":[{"url":"https:\/\/a.nel.cloudflare.com\/report\/v3?s=Za8IJwahTbq1c6Az1ZTZcsa1awr2y6YmMXSM%2B6ooiG8btpanuyy%2FfnYZzAAfVeTehA29juOmr%2F21qXqV7C22rst2rRGtZJ5dcqyK9mzbsdjziKaSCqNH3ApPaZTzxzU%3D"}],"group":"cf-nel","max_age":604800}
1 < NEL: {"success_fraction":0,"report_to":"cf-nel","max_age":604800}
1 < Server: cloudflare
1 < CF-RAY: 831909a708731c5e-AKL
1 < alt-svc: h3=":443"; ma=86400
{"message":"Resource not found"}

07:06:20.115 [main] ERROR com.intuit.karate - classpath:Features/Firstfile.feature:9
Then status 200
status code was: 404, expected: 200, response time in milliseconds: 1379, url: https://gorest.co.in/public/v2/users/1830426, response: 
{"message":"Resource not found"}
classpath:Features/Firstfile.feature:9
07:07:38.010 [main] DEBUG com.intuit.karate.Suite - [config] classpath:karate-config.js
07:07:40.431 [main] INFO  com.intuit.karate - [print] sree 
07:07:40.439 [main] INFO  com.intuit.karate - [print] https://gorest.co.in/public/v2/ 
07:07:40.943 [main] DEBUG com.intuit.karate - request:
1 > GET https://gorest.co.in/public/v2/users/1830426
1 > Host: gorest.co.in
1 > Connection: Keep-Alive
1 > User-Agent: Apache-HttpClient/4.5.14 (Java/11.0.21)
1 > Accept-Encoding: gzip,deflate


07:07:41.926 [main] DEBUG com.intuit.karate - response time in milliseconds: 972
1 < 404
1 < Date: Thu, 07 Dec 2023 01:37:49 GMT
1 < Content-Type: application/json; charset=utf-8
1 < Content-Length: 32
1 < Connection: keep-alive
1 < Cache-Control: no-cache
1 < referrer-policy: strict-origin-when-cross-origin
1 < vary: Origin
1 < x-content-type-options: nosniff
1 < x-download-options: noopen
1 < x-frame-options: SAMEORIGIN
1 < x-permitted-cross-domain-policies: none
1 < x-request-id: cdcbc714-dc40-4646-bbe7-f896ff220a61
1 < x-runtime: 0.015364
1 < x-xss-protection: 0
1 < CF-Cache-Status: DYNAMIC
1 < Report-To: {"endpoints":[{"url":"https:\/\/a.nel.cloudflare.com\/report\/v3?s=jOm7WuqOMnWQRP2OgZul6tcf3LcYKWfcvr9aLWcxqXa7MzBZqbw1I4kwc8SUCyRsbp7BQiT%2B%2FehjmpwOVBlmyl047jvbDaD66dTWfF%2Biggb9r%2FmFHO%2B4BkCngW%2FwwPw%3D"}],"group":"cf-nel","max_age":604800}
1 < NEL: {"success_fraction":0,"report_to":"cf-nel","max_age":604800}
1 < Server: cloudflare
1 < CF-RAY: 83190ba89cea1c53-AKL
1 < alt-svc: h3=":443"; ma=86400
{"message":"Resource not found"}

07:07:42.136 [main] ERROR com.intuit.karate - classpath:Features/Firstfile.feature:9
Then status 200
status code was: 404, expected: 200, response time in milliseconds: 972, url: https://gorest.co.in/public/v2/users/1830426, response: 
{"message":"Resource not found"}
classpath:Features/Firstfile.feature:9
07:08:23.259 [main] DEBUG com.intuit.karate.Suite - [config] karate-config.js
07:08:25.562 [main] INFO  com.intuit.karate - [print] sree 
07:08:25.572 [main] INFO  com.intuit.karate - [print] https://gorest.co.in/public/v2/ 
07:08:26.144 [main] DEBUG com.intuit.karate - request:
1 > GET https://gorest.co.in/public/v2/users/1830426
1 > Host: gorest.co.in
1 > Connection: Keep-Alive
1 > User-Agent: Apache-HttpClient/4.5.14 (Java/11.0.21)
1 > Accept-Encoding: gzip,deflate


07:08:27.044 [main] DEBUG com.intuit.karate - response time in milliseconds: 883
1 < 404
1 < Date: Thu, 07 Dec 2023 01:38:34 GMT
1 < Content-Type: application/json; charset=utf-8
1 < Content-Length: 32
1 < Connection: keep-alive
1 < Cache-Control: no-cache
1 < referrer-policy: strict-origin-when-cross-origin
1 < vary: Origin
1 < x-content-type-options: nosniff
1 < x-download-options: noopen
1 < x-frame-options: SAMEORIGIN
1 < x-permitted-cross-domain-policies: none
1 < x-request-id: 64e5f482-6432-4666-87bf-9d987312a85d
1 < x-runtime: 0.027809
1 < x-xss-protection: 0
1 < CF-Cache-Status: DYNAMIC
1 < Report-To: {"endpoints":[{"url":"https:\/\/a.nel.cloudflare.com\/report\/v3?s=pXjcRhM7D01dW%2BisZJ932EIwiLHDvWaiFJELHCnvtkehbuTMMRVXOte5Fv4pCAd77rywOyzDTtRrVRCwndTOTCiNBna490oCx7mDvx9iOcnufPeOPzAQy6cSPgqHILw%3D"}],"group":"cf-nel","max_age":604800}
1 < NEL: {"success_fraction":0,"report_to":"cf-nel","max_age":604800}
1 < Server: cloudflare
1 < CF-RAY: 83190cc3ee937257-AKL
1 < alt-svc: h3=":443"; ma=86400
{"message":"Resource not found"}

07:08:27.223 [main] ERROR com.intuit.karate - classpath:Features/Firstfile.feature:9
Then status 200
status code was: 404, expected: 200, response time in milliseconds: 883, url: https://gorest.co.in/public/v2/users/1830426, response: 
{"message":"Resource not found"}
classpath:Features/Firstfile.feature:9
07:09:56.160 [main] DEBUG com.intuit.karate.Suite - [config] karate-config.js
07:09:58.583 [main] INFO  com.intuit.karate - [print] sree 
07:09:58.597 [main] INFO  com.intuit.karate - [print] https://gorest.co.in/public/v2/ 
07:09:59.154 [main] DEBUG com.intuit.karate - request:
1 > GET https://gorest.co.in/public/v2/users/1830426
1 > Host: gorest.co.in
1 > Connection: Keep-Alive
1 > User-Agent: Apache-HttpClient/4.5.14 (Java/21.0.1)
1 > Accept-Encoding: gzip,deflate


07:10:00.121 [main] DEBUG com.intuit.karate - response time in milliseconds: 955
1 < 404
1 < Date: Thu, 07 Dec 2023 01:40:07 GMT
1 < Content-Type: application/json; charset=utf-8
1 < Content-Length: 32
1 < Connection: keep-alive
1 < Cache-Control: no-cache
1 < referrer-policy: strict-origin-when-cross-origin
1 < vary: Origin
1 < x-content-type-options: nosniff
1 < x-download-options: noopen
1 < x-frame-options: SAMEORIGIN
1 < x-permitted-cross-domain-policies: none
1 < x-request-id: 45557ff1-f571-4df3-ac74-bb5105d24ea5
1 < x-runtime: 0.016661
1 < x-xss-protection: 0
1 < CF-Cache-Status: DYNAMIC
1 < Report-To: {"endpoints":[{"url":"https:\/\/a.nel.cloudflare.com\/report\/v3?s=irLhl%2BcNxEfkk79AAiaj8M7Cq%2BCV%2BedBkIBkhOoed4FMI6U4aVCoWUPqjInvURy4MGuUj8LBSqSgwlenwY9Olyup%2FQlC%2FUAf5WWsHpmyr8u7Qf1KmMlyVp%2Fkw%2FCAwVE%3D"}],"group":"cf-nel","max_age":604800}
1 < NEL: {"success_fraction":0,"report_to":"cf-nel","max_age":604800}
1 < Server: cloudflare
1 < CF-RAY: 83190f0a4d8c7253-AKL
1 < alt-svc: h3=":443"; ma=86400
{"message":"Resource not found"}

07:10:00.251 [main] ERROR com.intuit.karate - classpath:Features/Firstfile.feature:9
Then status 200
status code was: 404, expected: 200, response time in milliseconds: 955, url: https://gorest.co.in/public/v2/users/1830426, response: 
{"message":"Resource not found"}
classpath:Features/Firstfile.feature:9
07:10:02.034 [main] DEBUG com.intuit.karate.Suite - [config] karate-config.js
07:10:02.055 [main] DEBUG com.intuit.karate - request:
1 > GET https://gorest.co.in/public/v2/users/1830426
1 > Host: gorest.co.in
1 > Connection: Keep-Alive
1 > User-Agent: Apache-HttpClient/4.5.14 (Java/21.0.1)
1 > Accept-Encoding: gzip,deflate


07:10:02.550 [main] DEBUG com.intuit.karate - response time in milliseconds: 492
1 < 404
1 < Date: Thu, 07 Dec 2023 01:40:09 GMT
1 < Content-Type: application/json; charset=utf-8
1 < Content-Length: 32
1 < Connection: keep-alive
1 < Cache-Control: no-cache
1 < referrer-policy: strict-origin-when-cross-origin
1 < vary: Origin
1 < x-content-type-options: nosniff
1 < x-download-options: noopen
1 < x-frame-options: SAMEORIGIN
1 < x-permitted-cross-domain-policies: none
1 < x-request-id: b485d050-be7b-41a6-a78e-f32653f498dd
1 < x-runtime: 0.032362
1 < x-xss-protection: 0
1 < CF-Cache-Status: DYNAMIC
1 < Report-To: {"endpoints":[{"url":"https:\/\/a.nel.cloudflare.com\/report\/v3?s=7cW9grsmpjFUCs5nhD3b8F88cQuxJEe548UnsTMtGTpeKQnSG%2BFoMbR69mzVkMglT8I12xOLcnSspS9OhD8dmbIeqV4Hs3ygWBQ8IKtTcXT6LzdHM7U31eiCCoR3fYU%3D"}],"group":"cf-nel","max_age":604800}
1 < NEL: {"success_fraction":0,"report_to":"cf-nel","max_age":604800}
1 < Server: cloudflare
1 < CF-RAY: 83190f18cf591c54-AKL
1 < alt-svc: h3=":443"; ma=86400
{"message":"Resource not found"}

07:10:02.556 [main] ERROR com.intuit.karate - classpath:Features/Getrequest.feature:7
Then status 200
status code was: 404, expected: 200, response time in milliseconds: 492, url: https://gorest.co.in/public/v2/users/1830426, response: 
{"message":"Resource not found"}
classpath:Features/Getrequest.feature:7
07:12:50.356 [main] DEBUG com.intuit.karate.Suite - [config] karate-config.js
07:12:52.635 [main] DEBUG com.intuit.karate - request:
1 > GET https://reqres.in/api/users/2
1 > Host: reqres.in
1 > Connection: Keep-Alive
1 > User-Agent: Apache-HttpClient/4.5.14 (Java/21.0.1)
1 > Accept-Encoding: gzip,deflate


07:12:53.369 [main] DEBUG com.intuit.karate - response time in milliseconds: 729
1 < 200
1 < Date: Thu, 07 Dec 2023 01:43:00 GMT
1 < Content-Type: application/json; charset=utf-8
1 < Transfer-Encoding: chunked
1 < Connection: keep-alive
1 < Report-To: {"group":"heroku-nel","max_age":3600,"endpoints":[{"url":"https://nel.heroku.com/reports?ts=1701208735&sid=c4c9725f-1ab0-44d8-820f-430df2718e11&s=utz3Q%2Fi3ikovzuPQEf%2BhW6DIr%2BI1r1g%2B4MZF704Rsoo%3D"}]}
1 < Reporting-Endpoints: heroku-nel=https://nel.heroku.com/reports?ts=1701208735&sid=c4c9725f-1ab0-44d8-820f-430df2718e11&s=utz3Q%2Fi3ikovzuPQEf%2BhW6DIr%2BI1r1g%2B4MZF704Rsoo%3D
1 < Nel: {"report_to":"heroku-nel","max_age":3600,"success_fraction":0.005,"failure_fraction":0.05,"response_headers":["Via"]}
1 < X-Powered-By: Express
1 < Access-Control-Allow-Origin: *
1 < Etag: W/"118-pbdwwFo9SKNhD3Lx5iHJyngpq00"
1 < Via: 1.1 vegur
1 < Cache-Control: max-age=14400
1 < CF-Cache-Status: HIT
1 < Age: 5679
1 < Vary: Accept-Encoding
1 < Server: cloudflare
1 < CF-RAY: 83191346fbe6a89e-SYD
{"data":{"id":2,"email":"janet.weaver@reqres.in","first_name":"Janet","last_name":"Weaver","avatar":"https://reqres.in/img/faces/2-image.jpg"},"support":{"url":"https://reqres.in/#support-heading","text":"To keep ReqRes free, contributions towards server costs are appreciated!"}}

07:15:06.192 [main] DEBUG com.intuit.karate.Suite - [config] karate-config.js
07:15:08.575 [main] DEBUG com.intuit.karate - request:
1 > GET https://reqres.in/api/users/2
1 > Host: reqres.in
1 > Connection: Keep-Alive
1 > User-Agent: Apache-HttpClient/4.5.14 (Java/21.0.1)
1 > Accept-Encoding: gzip,deflate


07:15:09.271 [main] DEBUG com.intuit.karate - response time in milliseconds: 690
1 < 200
1 < Date: Thu, 07 Dec 2023 01:45:16 GMT
1 < Content-Type: application/json; charset=utf-8
1 < Transfer-Encoding: chunked
1 < Connection: keep-alive
1 < Report-To: {"group":"heroku-nel","max_age":3600,"endpoints":[{"url":"https://nel.heroku.com/reports?ts=1701272635&sid=c4c9725f-1ab0-44d8-820f-430df2718e11&s=U3TPeZTyEs1RjwrgVKSfdnrUm5djxVrWGz%2FMxUeL888%3D"}]}
1 < Reporting-Endpoints: heroku-nel=https://nel.heroku.com/reports?ts=1701272635&sid=c4c9725f-1ab0-44d8-820f-430df2718e11&s=U3TPeZTyEs1RjwrgVKSfdnrUm5djxVrWGz%2FMxUeL888%3D
1 < Nel: {"report_to":"heroku-nel","max_age":3600,"success_fraction":0.005,"failure_fraction":0.05,"response_headers":["Via"]}
1 < X-Powered-By: Express
1 < Access-Control-Allow-Origin: *
1 < Etag: W/"118-pbdwwFo9SKNhD3Lx5iHJyngpq00"
1 < Via: 1.1 vegur
1 < Cache-Control: max-age=14400
1 < CF-Cache-Status: HIT
1 < Age: 415
1 < Vary: Accept-Encoding
1 < Server: cloudflare
1 < CF-RAY: 831916985dfea814-SYD
{"data":{"id":2,"email":"janet.weaver@reqres.in","first_name":"Janet","last_name":"Weaver","avatar":"https://reqres.in/img/faces/2-image.jpg"},"support":{"url":"https://reqres.in/#support-heading","text":"To keep ReqRes free, contributions towards server costs are appreciated!"}}

